<?xml version="1.0" encoding="utf-8"?><testsuites name="pytest tests"><testsuite name="pytest" errors="0" failures="0" skipped="0" tests="7" time="1.793" timestamp="2026-06-24T00:14:49.247637+00:00" hostname="agent-env-2ee0ed04-a21e-4de1-a442-eef5a170c3b1"><testcase classname="backend.tests.test_bounce_and_paused_filter.TestEngageEndpoint" name="test_engage_returns_success" time="0.760" /><testcase classname="backend.tests.test_bounce_and_paused_filter.TestEngageEndpoint" name="test_engage_is_idempotent" time="0.232" /><testcase classname="backend.tests.test_bounce_and_paused_filter.TestEngageEndpoint" name="test_engage_missing_session_still_success" time="0.112" /><testcase classname="backend.tests.test_bounce_and_paused_filter.TestAdEntitiesPausedFilter" name="test_live_campaign_present_and_paused_excluded" time="0.220" /><testcase classname="backend.tests.test_bounce_and_paused_filter.TestAnalyticsBounceRate" name="test_live_campaign_bounce_rate_50pct" time="0.126" /><testcase classname="backend.tests.test_bounce_and_paused_filter.TestAnalyticsBounceRate" name="test_paused_campaign_excluded_from_analytics" time="0.124" /><testcase classname="backend.tests.test_bounce_and_paused_filter.TestAnalyticsBounceRate" name="test_analytics_arrays_regression" time="0.137" /></testsuite></testsuites>