<?xml version="1.0" encoding="utf-8"?><testsuites name="pytest tests"><testsuite name="pytest" errors="0" failures="0" skipped="0" tests="21" time="3.464" timestamp="2026-07-15T19:20:17.782486+00:00" hostname="agent-env-2ee0ed04-a21e-4de1-a442-eef5a170c3b1"><testcase classname="backend.tests.test_creator_portal.TestCreatorAuth" name="test_duplicate_registration" time="0.298" /><testcase classname="backend.tests.test_creator_portal.TestCreatorAuth" name="test_login_ok" time="0.129" /><testcase classname="backend.tests.test_creator_portal.TestCreatorAuth" name="test_login_wrong_pw" time="0.152" /><testcase classname="backend.tests.test_creator_portal.TestCreatorAuth" name="test_me_requires_token" time="0.110" /><testcase classname="backend.tests.test_creator_portal.TestCreatorAuth" name="test_me_with_token" time="0.103" /><testcase classname="backend.tests.test_creator_portal.TestCreativesUpload" name="test_list_empty" time="0.105" /><testcase classname="backend.tests.test_creator_portal.TestCreativesUpload" name="test_upload_display_ok" time="0.421" /><testcase classname="backend.tests.test_creator_portal.TestCreativesUpload" name="test_upload_display_bad_size" time="0.117" /><testcase classname="backend.tests.test_creator_portal.TestCreativesUpload" name="test_upload_video_ok" time="0.316" /><testcase classname="backend.tests.test_creator_portal.TestCreativesUpload" name="test_upload_video_wrong_ext_rejected" time="0.140" /><testcase classname="backend.tests.test_creator_portal.TestCreativesUpload" name="test_upload_requires_auth" time="0.098" /><testcase classname="backend.tests.test_creator_portal.TestCreativesUpload" name="test_creator_list_has_uploads" time="0.099" /><testcase classname="backend.tests.test_creator_portal.TestCreativesUpload" name="test_file_endpoint_requires_token" time="0.098" /><testcase classname="backend.tests.test_creator_portal.TestCreativesUpload" name="test_file_endpoint_with_query_token" time="0.247" /><testcase classname="backend.tests.test_creator_portal.TestAdminReview" name="test_admin_list_requires_auth" time="0.109" /><testcase classname="backend.tests.test_creator_portal.TestAdminReview" name="test_admin_list_all" time="0.228" /><testcase classname="backend.tests.test_creator_portal.TestAdminReview" name="test_admin_filter_display" time="0.099" /><testcase classname="backend.tests.test_creator_portal.TestAdminReview" name="test_admin_filter_video" time="0.104" /><testcase classname="backend.tests.test_creator_portal.TestAdminReview" name="test_admin_approve" time="0.198" /><testcase classname="backend.tests.test_creator_portal.TestAdminReview" name="test_admin_reject" time="0.104" /><testcase classname="backend.tests.test_creator_portal.TestAdminReview" name="test_admin_bad_status" time="0.116" /></testsuite></testsuites>