<?xml version="1.0" encoding="utf-8"?><testsuites name="pytest tests"><testsuite name="pytest" errors="0" failures="0" skipped="0" tests="10" time="2.718" timestamp="2026-06-28T22:49:35.794383+00:00" hostname="agent-env-2ee0ed04-a21e-4de1-a442-eef5a170c3b1"><testcase classname="backend.tests.test_iteration19_features.TestPageContent" name="test_public_home" time="0.199" /><testcase classname="backend.tests.test_iteration19_features.TestPageContent" name="test_public_sp" time="0.108" /><testcase classname="backend.tests.test_iteration19_features.TestPageContent" name="test_unknown_page_404" time="0.103" /><testcase classname="backend.tests.test_iteration19_features.TestPageContent" name="test_admin_requires_auth" time="0.142" /><testcase classname="backend.tests.test_iteration19_features.TestPageContent" name="test_home_round_trip_restores" time="0.645" /><testcase classname="backend.tests.test_iteration19_features.TestPageContent" name="test_pa_content_still_works" time="0.096" /><testcase classname="backend.tests.test_iteration19_features.TestSplitMultiRun" name="test_create_two_get_unique_slugs" time="0.216" /><testcase classname="backend.tests.test_iteration19_features.TestSplitMultiRun" name="test_edit_slug_to_custom_and_clash" time="0.314" /><testcase classname="backend.tests.test_iteration19_features.TestSplitMultiRun" name="test_start_both_simultaneously" time="0.303" /><testcase classname="backend.tests.test_iteration19_features.TestSplitMultiRun" name="test_split_decide_per_slug" time="0.529" /></testsuite></testsuites>