<?xml version="1.0" encoding="utf-8"?><testsuites name="pytest tests"><testsuite name="pytest" errors="0" failures="0" skipped="0" tests="13" time="1.525" timestamp="2026-07-01T17:21:50.766118+00:00" hostname="agent-env-2ee0ed04-a21e-4de1-a442-eef5a170c3b1"><testcase classname="backend.tests.test_dg_dgs_pages.TestPublicContent" name="test_pa_content_english_edits" time="0.347" /><testcase classname="backend.tests.test_dg_dgs_pages.TestPublicContent" name="test_spa_content_spanish_edits" time="0.050" /><testcase classname="backend.tests.test_dg_dgs_pages.TestPublicContent" name="test_dg_content_matches_pa_edits" time="0.049" /><testcase classname="backend.tests.test_dg_dgs_pages.TestPublicContent" name="test_dgs_content_matches_spa_edits" time="0.048" /><testcase classname="backend.tests.test_dg_dgs_pages.TestAdminAuth" name="test_admin_login_returns_token" time="0.050" /><testcase classname="backend.tests.test_dg_dgs_pages.TestAdminAuth" name="test_admin_dg_content_requires_auth" time="0.045" /><testcase classname="backend.tests.test_dg_dgs_pages.TestAdminAuth" name="test_admin_dgs_content_requires_auth" time="0.046" /><testcase classname="backend.tests.test_dg_dgs_pages.TestAdminAuth" name="test_admin_dg_get_ok" time="0.052" /><testcase classname="backend.tests.test_dg_dgs_pages.TestAdminAuth" name="test_admin_dgs_get_ok" time="0.059" /><testcase classname="backend.tests.test_dg_dgs_pages.TestIndependentEditing" name="test_dg_edit_is_independent_of_pa" time="0.295" /><testcase classname="backend.tests.test_dg_dgs_pages.TestIndependentEditing" name="test_dgs_edit_is_independent_of_spa" time="0.294" /><testcase classname="backend.tests.test_dg_dgs_pages.TestLeadsDgDgs" name="test_lead_dg" time="0.067" /><testcase classname="backend.tests.test_dg_dgs_pages.TestLeadsDgDgs" name="test_lead_dgs" time="0.060" /></testsuite></testsuites>