<?xml version="1.0" encoding="utf-8"?><testsuites name="pytest tests"><testsuite name="pytest" errors="0" failures="0" skipped="0" tests="4" time="1.990" timestamp="2026-06-28T22:20:21.261265+00:00" hostname="agent-env-2ee0ed04-a21e-4de1-a442-eef5a170c3b1"><testcase classname="backend.tests.test_iteration18_features.TestGoogleAdsHealth" name="test_health_shape" time="0.421" /><testcase classname="backend.tests.test_iteration18_features.TestMyCredentials" name="test_owner_blocked" time="0.108" /><testcase classname="backend.tests.test_iteration18_features.TestMyCredentials" name="test_wrong_current_password_rejected" time="0.648" /><testcase classname="backend.tests.test_iteration18_features.TestMyCredentials" name="test_change_password_succeeds_and_relogin" time="0.744" /></testsuite></testsuites>