<?xml version="1.0" encoding="utf-8"?><testsuites name="pytest tests"><testsuite name="pytest" errors="0" failures="0" skipped="0" tests="4" time="6.341" timestamp="2026-06-23T20:29:49.655356+00:00" hostname="agent-env-2ee0ed04-a21e-4de1-a442-eef5a170c3b1"><testcase classname="backend.tests.test_auto_call_conversion" name="test_qualified_call_auto_upload_attempted" time="1.367" /><testcase classname="backend.tests.test_auto_call_conversion" name="test_short_call_skipped" time="1.161" /><testcase classname="backend.tests.test_auto_call_conversion" name="test_test_call_excluded" time="3.095" /><testcase classname="backend.tests.test_auto_call_conversion" name="test_admin_calls_endpoint_returns_list" time="0.651" /></testsuite></testsuites>