<?xml version="1.0" encoding="utf-8"?><testsuites name="pytest tests"><testsuite name="pytest" errors="0" failures="0" skipped="0" tests="10" time="1.186" timestamp="2026-06-25T16:26:41.330631+00:00" hostname="agent-env-2ee0ed04-a21e-4de1-a442-eef5a170c3b1"><testcase classname="backend.tests.test_funnel_dropoff" name="test_admin_funnel_requires_auth" time="0.132" /><testcase classname="backend.tests.test_funnel_dropoff" name="test_admin_funnel_rejects_bad_token" time="0.046" /><testcase classname="backend.tests.test_funnel_dropoff" name="test_admin_funnel_schema" time="0.091" /><testcase classname="backend.tests.test_funnel_dropoff" name="test_admin_funnel_with_date_range" time="0.047" /><testcase classname="backend.tests.test_funnel_dropoff" name="test_track_step_advances_max" time="0.425" /><testcase classname="backend.tests.test_funnel_dropoff" name="test_track_step_missing_session_id" time="0.052" /><testcase classname="backend.tests.test_funnel_dropoff" name="test_track_step_bad_step_skipped" time="0.091" /><testcase classname="backend.tests.test_funnel_dropoff" name="test_track_step_by_step_name_only" time="0.096" /><testcase classname="backend.tests.test_funnel_dropoff" name="test_admin_analytics_still_works" time="0.077" /><testcase classname="backend.tests.test_funnel_dropoff" name="test_admin_leads_still_works" time="0.057" /></testsuite></testsuites>