<?xml version="1.0" encoding="utf-8"?><testsuites name="pytest tests"><testsuite name="pytest" errors="0" failures="0" skipped="0" tests="6" time="4.969" timestamp="2026-07-01T19:07:07.740743+00:00" hostname="agent-env-2ee0ed04-a21e-4de1-a442-eef5a170c3b1"><testcase classname="backend.tests.test_calls_overhaul.TestPhoneNumbers" name="test_requires_auth" time="0.289" /><testcase classname="backend.tests.test_calls_overhaul.TestPhoneNumbers" name="test_returns_four_tracked_numbers" time="0.118" /><testcase classname="backend.tests.test_calls_overhaul.TestCreateTestCallAndSegment" name="test_create_test_calls_rotate_and_segment" time="1.394" /><testcase classname="backend.tests.test_calls_overhaul.TestNumberGroupMapping" name="test_spanish_number_maps_to_spanish_group" time="0.942" /><testcase classname="backend.tests.test_calls_overhaul.TestNumberGroupMapping" name="test_home_pa_number_maps" time="0.981" /><testcase classname="backend.tests.test_calls_overhaul.TestNumberGroupMapping" name="test_dg_and_dgs_numbers_map" time="1.179" /></testsuite></testsuites>