<?xml version="1.0" encoding="utf-8"?><testsuites name="pytest tests"><testsuite name="pytest" errors="0" failures="0" skipped="0" tests="12" time="1.268" timestamp="2026-06-28T22:01:14.250977+00:00" hostname="agent-env-2ee0ed04-a21e-4de1-a442-eef5a170c3b1"><testcase classname="backend.tests.test_iteration17_features" name="test_funnel_campaigns_requires_auth" time="0.176" /><testcase classname="backend.tests.test_iteration17_features" name="test_funnel_campaigns_returns_ok[home]" time="0.129" /><testcase classname="backend.tests.test_iteration17_features" name="test_funnel_campaigns_returns_ok[lapa]" time="0.044" /><testcase classname="backend.tests.test_iteration17_features" name="test_funnel_campaigns_returns_ok[sp]" time="0.042" /><testcase classname="backend.tests.test_iteration17_features" name="test_funnel_campaigns_returns_ok[overall]" time="0.044" /><testcase classname="backend.tests.test_iteration17_features" name="test_admin_calls_search_param_accepted" time="0.070" /><testcase classname="backend.tests.test_iteration17_features" name="test_admin_calls_search_ignores_date" time="0.088" /><testcase classname="backend.tests.test_iteration17_features" name="test_lead_post_captures_ip_and_detail_exposes_it" time="0.194" /><testcase classname="backend.tests.test_iteration17_features" name="test_pa_content_round_trip" time="0.254" /><testcase classname="backend.tests.test_iteration17_features" name="test_user_activity_owner" time="0.044" /><testcase classname="backend.tests.test_iteration17_features" name="test_user_activity_requires_auth" time="0.040" /><testcase classname="backend.tests.test_iteration17_features" name="test_analytics_loads_and_google_ads_connected" time="0.075" /></testsuite></testsuites>