<?xml version="1.0" encoding="utf-8"?><testsuites name="pytest tests"><testsuite name="pytest" errors="0" failures="0" skipped="0" tests="8" time="2.754" timestamp="2026-06-25T00:33:50.033040+00:00" hostname="agent-env-2ee0ed04-a21e-4de1-a442-eef5a170c3b1"><testcase classname="backend.tests.test_hook_versioning" name="test_login_works" time="0.272" /><testcase classname="backend.tests.test_hook_versioning" name="test_login_bad_password" time="0.141" /><testcase classname="backend.tests.test_hook_versioning" name="test_list_hook_rules_default_lang_en" time="0.241" /><testcase classname="backend.tests.test_hook_versioning" name="test_list_hook_rules_lang_es" time="0.152" /><testcase classname="backend.tests.test_hook_versioning" name="test_create_revise_reactivate_english_flow" time="1.089" /><testcase classname="backend.tests.test_hook_versioning" name="test_spanish_variant_isolated_and_served_on_sp" time="0.561" /><testcase classname="backend.tests.test_hook_versioning" name="test_revise_requires_auth" time="0.111" /><testcase classname="backend.tests.test_hook_versioning" name="test_reactivate_requires_auth" time="0.119" /></testsuite></testsuites>