<?xml version="1.0" encoding="utf-8"?><testsuites name="pytest tests"><testsuite name="pytest" errors="0" failures="0" skipped="0" tests="13" time="3.875" timestamp="2026-07-10T16:46:57.182996+00:00" hostname="agent-env-2ee0ed04-a21e-4de1-a442-eef5a170c3b1"><testcase classname="backend.tests.test_iteration24_analytics" name="test_login_returns_token" time="0.325" /><testcase classname="backend.tests.test_iteration24_analytics" name="test_by_landing_page_no_duplicate_source_pages" time="0.928" /><testcase classname="backend.tests.test_iteration24_analytics" name="test_by_landing_page_no_alias_codes" time="0.000" /><testcase classname="backend.tests.test_iteration24_analytics" name="test_by_landing_page_financial_fields" time="0.000" /><testcase classname="backend.tests.test_iteration24_analytics" name="test_by_campaign_retained_reconciles_with_retained_endpoint" time="0.576" /><testcase classname="backend.tests.test_iteration24_analytics" name="test_drilldowns_present" time="0.000" /><testcase classname="backend.tests.test_iteration24_analytics" name="test_calls_by_number" time="0.000" /><testcase classname="backend.tests.test_iteration24_analytics" name="test_hourly_endpoint" time="0.116" /><testcase classname="backend.tests.test_iteration24_analytics" name="test_retained_has_attribution_fields" time="0.608" /><testcase classname="backend.tests.test_iteration24_analytics" name="test_stats_total_retained" time="0.113" /><testcase classname="backend.tests.test_iteration24_analytics" name="test_channels_endpoint" time="0.873" /><testcase classname="backend.tests.test_iteration24_analytics" name="test_spanish_endpoint" time="0.141" /><testcase classname="backend.tests.test_iteration24_analytics" name="test_admin_calls_tracked_numbers_only" time="0.126" /></testsuite></testsuites>