<?xml version="1.0" encoding="utf-8"?><testsuites name="pytest tests"><testsuite name="pytest" errors="0" failures="0" skipped="0" tests="7" time="4.070" timestamp="2026-06-23T20:02:03.213117+00:00" hostname="agent-env-2ee0ed04-a21e-4de1-a442-eef5a170c3b1"><testcase classname="backend.tests.test_calls_hook_attribution" name="test_health_admin_login" time="0.267" /><testcase classname="backend.tests.test_calls_hook_attribution" name="test_calls_webhook_requires_token" time="0.128" /><testcase classname="backend.tests.test_calls_hook_attribution" name="test_scenario_a_call_with_matching_click" time="0.925" /><testcase classname="backend.tests.test_calls_hook_attribution" name="test_scenario_b_call_without_matching_click" time="0.666" /><testcase classname="backend.tests.test_calls_hook_attribution" name="test_admin_calls_test_endpoint" time="0.111" /><testcase classname="backend.tests.test_calls_hook_attribution" name="test_mark_call_sold_regression" time="1.569" /><testcase classname="backend.tests.test_calls_hook_attribution" name="test_admin_calls_requires_auth" time="0.320" /></testsuite></testsuites>