<?xml version="1.0" encoding="utf-8"?><testsuites name="pytest tests"><testsuite name="pytest" errors="0" failures="0" skipped="0" tests="11" time="4.071" timestamp="2026-07-09T22:24:40.562519+00:00" hostname="agent-env-2ee0ed04-a21e-4de1-a442-eef5a170c3b1"><testcase classname="backend.tests.test_iteration23_analytics" name="test_login_wrong_password" time="0.261" /><testcase classname="backend.tests.test_iteration23_analytics" name="test_analytics_full" time="1.199" /><testcase classname="backend.tests.test_iteration23_analytics" name="test_analytics_hourly" time="0.157" /><testcase classname="backend.tests.test_iteration23_analytics" name="test_admin_retained" time="0.891" /><testcase classname="backend.tests.test_iteration23_analytics" name="test_admin_metrics" time="0.111" /><testcase classname="backend.tests.test_iteration23_analytics" name="test_admin_stats_total_retained" time="0.147" /><testcase classname="backend.tests.test_iteration23_analytics" name="test_channels_summary" time="0.695" /><testcase classname="backend.tests.test_iteration23_analytics" name="test_admin_spanish" time="0.171" /><testcase classname="backend.tests.test_iteration23_analytics" name="test_admin_calls_only_tracked" time="0.147" /><testcase classname="backend.tests.test_iteration23_analytics" name="test_track_call_click_creates_doc" time="0.105" /><testcase classname="backend.tests.test_iteration23_analytics" name="test_track_call_click_bot_ignored" time="0.105" /></testsuite></testsuites>