<?xml version="1.0" encoding="utf-8"?><testsuites name="pytest tests"><testsuite name="pytest" errors="0" failures="0" skipped="0" tests="10" time="2.349" timestamp="2026-07-01T23:58:27.201606+00:00" hostname="agent-env-2ee0ed04-a21e-4de1-a442-eef5a170c3b1"><testcase classname="backend.tests.test_retained_features.TestLoginAndBase" name="test_login_ok" time="0.422" /><testcase classname="backend.tests.test_retained_features.TestLoginAndBase" name="test_retained_requires_auth" time="0.111" /><testcase classname="backend.tests.test_retained_features.TestLeadRetainedToggle" name="test_mark_lead_retained_true" time="0.223" /><testcase classname="backend.tests.test_retained_features.TestLeadRetainedToggle" name="test_mark_lead_retained_false_clears_timestamp" time="0.147" /><testcase classname="backend.tests.test_retained_features.TestLeadRetainedToggle" name="test_mark_missing_lead_returns_404" time="0.103" /><testcase classname="backend.tests.test_retained_features.TestCallRetainedToggle" name="test_mark_call_retained_true" time="0.203" /><testcase classname="backend.tests.test_retained_features.TestCallRetainedToggle" name="test_mark_call_retained_false_clears" time="0.100" /><testcase classname="backend.tests.test_retained_features.TestCallRetainedToggle" name="test_mark_missing_call_returns_404" time="0.120" /><testcase classname="backend.tests.test_retained_features.TestRetainedList" name="test_retained_list_reflects_marks" time="0.330" /><testcase classname="backend.tests.test_retained_features.TestRetainedList" name="test_unmark_removes_from_list" time="0.513" /></testsuite></testsuites>