<?xml version="1.0" encoding="utf-8"?><testsuites name="pytest tests"><testsuite name="pytest" errors="0" failures="0" skipped="0" tests="10" time="2.320" timestamp="2026-06-24T00:24:20.731045+00:00" hostname="agent-env-2ee0ed04-a21e-4de1-a442-eef5a170c3b1"><testcase classname="backend.tests.test_lead_search_and_bounce" name="test_search_by_full_last_name" time="0.657" /><testcase classname="backend.tests.test_lead_search_and_bounce" name="test_search_by_full_phone_digits" time="0.137" /><testcase classname="backend.tests.test_lead_search_and_bounce" name="test_search_by_partial_phone_digits" time="0.109" /><testcase classname="backend.tests.test_lead_search_and_bounce" name="test_search_by_email_local_part" time="0.122" /><testcase classname="backend.tests.test_lead_search_and_bounce" name="test_search_ignores_date_range" time="0.121" /><testcase classname="backend.tests.test_lead_search_and_bounce" name="test_search_no_match_returns_zero" time="0.114" /><testcase classname="backend.tests.test_lead_search_and_bounce" name="test_phone_digits_stored_on_create" time="0.119" /><testcase classname="backend.tests.test_lead_search_and_bounce" name="test_analytics_live_campaign_bounce_rate_50pct" time="0.495" /><testcase classname="backend.tests.test_lead_search_and_bounce" name="test_analytics_returns_all_breakdowns" time="0.140" /><testcase classname="backend.tests.test_lead_search_and_bounce" name="test_admin_leads_date_range_still_works" time="0.212" /></testsuite></testsuites>