<?xml version="1.0" encoding="utf-8"?><testsuites name="pytest tests"><testsuite name="pytest" errors="0" failures="1" skipped="0" tests="12" time="3.031" timestamp="2026-06-16T19:08:48.051674+00:00" hostname="agent-env-2ee0ed04-a21e-4de1-a442-eef5a170c3b1"><testcase classname="backend.tests.backend_test" name="test_root" time="0.288" /><testcase classname="backend.tests.backend_test" name="test_public_config" time="0.175" /><testcase classname="backend.tests.backend_test" name="test_track_click_dedup" time="0.138" /><testcase classname="backend.tests.backend_test" name="test_geo_zip" time="0.369" /><testcase classname="backend.tests.backend_test" name="test_verify_address_soft" time="1.531" /><testcase classname="backend.tests.backend_test" name="test_verify_address_empty" time="0.044" /><testcase classname="backend.tests.backend_test" name="test_lead_persists_with_car_fields" time="0.165"><failure message="AssertionError: car_year missing/wrong: None&#10;assert None == '2023'&#10; +  where None = &lt;built-in method get of dict object at 0xfe6f05ebb680&gt;('car_year')&#10; +    where &lt;built-in method get of dict object at 0xfe6f05ebb680&gt; = {'ad_id': '', 'address': '123 Demo St', 'adgroup_id': '', 'campaign_id': '', ...}.get">backend/tests/backend_test.py:123: in test_lead_persists_with_car_fields
    assert lead.get("car_year") == "2023", f"car_year missing/wrong: {lead.get('car_year')}"
E   AssertionError: car_year missing/wrong: None
E   assert None == '2023'
E    +  where None = &lt;built-in method get of dict object at 0xfe6f05ebb680&gt;('car_year')
E    +    where &lt;built-in method get of dict object at 0xfe6f05ebb680&gt; = {'ad_id': '', 'address': '123 Demo St', 'adgroup_id': '', 'campaign_id': '', ...}.get</failure></testcase><testcase classname="backend.tests.backend_test" name="test_admin_login_owner" time="0.045" /><testcase classname="backend.tests.backend_test" name="test_admin_login_wrong" time="0.044" /><testcase classname="backend.tests.backend_test" name="test_admin_leads_unauthorized" time="0.045" /><testcase classname="backend.tests.backend_test" name="test_admin_test_lead_creates_car_fields" time="0.046" /><testcase classname="backend.tests.backend_test" name="test_admin_stats" time="0.047" /></testsuite></testsuites>