<?xml version="1.0" encoding="utf-8"?><testsuites name="pytest tests"><testsuite name="pytest" errors="0" failures="0" skipped="0" tests="6" time="1.428" timestamp="2026-06-23T22:49:48.432306+00:00" hostname="agent-env-2ee0ed04-a21e-4de1-a442-eef5a170c3b1"><testcase classname="backend.tests.test_lead_source_page" name="test_create_lead_persists_source_page[lapa-lapa]" time="0.475" /><testcase classname="backend.tests.test_lead_source_page" name="test_create_lead_persists_source_page[home-home]" time="0.219" /><testcase classname="backend.tests.test_lead_source_page" name="test_create_lead_persists_source_page[LAPA-lapa]" time="0.206" /><testcase classname="backend.tests.test_lead_source_page" name="test_create_lead_persists_source_page[-home]" time="0.255" /><testcase classname="backend.tests.test_lead_source_page" name="test_track_click_accepts_source_page_lapa" time="0.101" /><testcase classname="backend.tests.test_lead_source_page" name="test_track_click_accepts_source_page_home" time="0.105" /></testsuite></testsuites>